{"E:\\Full stack Devolopement\\Ecomm App\\app.js": {"path":"E:\\Full stack Devolopement\\Ecomm App\\app.js","statementMap":{"0":{"start":{"line":1,"column":16},"end":{"line":1,"column":34}},"1":{"start":{"line":2,"column":17},"end":{"line":2,"column":39}},"2":{"start":{"line":3,"column":15},"end":{"line":3,"column":40}},"3":{"start":{"line":4,"column":21},"end":{"line":4,"column":58}},"4":{"start":{"line":5,"column":11},"end":{"line":5,"column":35}},"5":{"start":{"line":6,"column":19},"end":{"line":6,"column":28}},"6":{"start":{"line":7,"column":0},"end":{"line":7,"column":34}},"7":{"start":{"line":8,"column":0},"end":{"line":8,"column":23}},"8":{"start":{"line":9,"column":0},"end":{"line":9,"column":29}},"9":{"start":{"line":11,"column":0},"end":{"line":11,"column":32}},"10":{"start":{"line":13,"column":0},"end":{"line":15,"column":3}},"11":{"start":{"line":14,"column":2},"end":{"line":14,"column":9}},"12":{"start":{"line":17,"column":11},"end":{"line":21,"column":1}},"13":{"start":{"line":18,"column":2},"end":{"line":18,"column":21}},"14":{"start":{"line":19,"column":2},"end":{"line":19,"column":19}},"15":{"start":{"line":20,"column":2},"end":{"line":20,"column":16}},"16":{"start":{"line":22,"column":23},"end":{"line":37,"column":1}},"17":{"start":{"line":23,"column":2},"end":{"line":36,"column":5}},"18":{"start":{"line":38,"column":18},"end":{"line":49,"column":1}},"19":{"start":{"line":39,"column":2},"end":{"line":48,"column":5}},"20":{"start":{"line":50,"column":21},"end":{"line":83,"column":1}},"21":{"start":{"line":51,"column":2},"end":{"line":82,"column":5}},"22":{"start":{"line":85,"column":0},"end":{"line":85,"column":28}}},"fnMap":{"0":{"name":"(anonymous_0)","decl":{"start":{"line":13,"column":41},"end":{"line":13,"column":42}},"loc":{"start":{"line":13,"column":47},"end":{"line":15,"column":1}},"line":13},"1":{"name":"(anonymous_1)","decl":{"start":{"line":17,"column":11},"end":{"line":17,"column":12}},"loc":{"start":{"line":17,"column":23},"end":{"line":21,"column":1}},"line":17},"2":{"name":"(anonymous_2)","decl":{"start":{"line":22,"column":23},"end":{"line":22,"column":24}},"loc":{"start":{"line":22,"column":35},"end":{"line":37,"column":1}},"line":22},"3":{"name":"(anonymous_3)","decl":{"start":{"line":38,"column":18},"end":{"line":38,"column":19}},"loc":{"start":{"line":38,"column":30},"end":{"line":49,"column":1}},"line":38},"4":{"name":"(anonymous_4)","decl":{"start":{"line":50,"column":21},"end":{"line":50,"column":22}},"loc":{"start":{"line":50,"column":33},"end":{"line":83,"column":1}},"line":50}},"branchMap":{},"s":{"0":1,"1":1,"2":1,"3":1,"4":1,"5":1,"6":1,"7":1,"8":1,"9":1,"10":1,"11":0,"12":1,"13":0,"14":0,"15":0,"16":1,"17":0,"18":1,"19":0,"20":1,"21":0,"22":1},"f":{"0":0,"1":0,"2":0,"3":0,"4":0},"b":{},"_coverageSchema":"1a1c01bbd47fc00a2c39e90264f33305004495a9","hash":"658360e68b868f8b9bd9dfa8d7a34d119d64d53c"}
,"E:\\Full stack Devolopement\\Ecomm App\\config\\auth.config.js": {"path":"E:\\Full stack Devolopement\\Ecomm App\\config\\auth.config.js","statementMap":{"0":{"start":{"line":1,"column":0},"end":{"line":3,"column":2}}},"fnMap":{},"branchMap":{},"s":{"0":1},"f":{},"b":{},"_coverageSchema":"1a1c01bbd47fc00a2c39e90264f33305004495a9","hash":"7fe3043d0a971c3b573ea7003bad7cca1ef9ab52"}
,"E:\\Full stack Devolopement\\Ecomm App\\config\\db.config.js": {"path":"E:\\Full stack Devolopement\\Ecomm App\\config\\db.config.js","statementMap":{"0":{"start":{"line":1,"column":28},"end":{"line":13,"column":1}},"1":{"start":{"line":15,"column":21},"end":{"line":27,"column":1}},"2":{"start":{"line":29,"column":0},"end":{"line":32,"column":2}}},"fnMap":{},"branchMap":{},"s":{"0":3,"1":3,"2":3},"f":{},"b":{},"_coverageSchema":"1a1c01bbd47fc00a2c39e90264f33305004495a9","hash":"a59cc452c36a9e18ae9c8e474276ff8aea29fe83"}
,"E:\\Full stack Devolopement\\Ecomm App\\controller\\auth.controller.js": {"path":"E:\\Full stack Devolopement\\Ecomm App\\controller\\auth.controller.js","statementMap":{"0":{"start":{"line":1,"column":11},"end":{"line":1,"column":36}},"1":{"start":{"line":2,"column":12},"end":{"line":2,"column":35}},"2":{"start":{"line":3,"column":15},"end":{"line":3,"column":34}},"3":{"start":{"line":4,"column":15},"end":{"line":4,"column":47}},"4":{"start":{"line":6,"column":13},"end":{"line":31,"column":1}},"5":{"start":{"line":7,"column":13},"end":{"line":11,"column":4}},"6":{"start":{"line":12,"column":2},"end":{"line":30,"column":3}},"7":{"start":{"line":13,"column":16},"end":{"line":19,"column":6}},"8":{"start":{"line":21,"column":4},"end":{"line":21,"column":31}},"9":{"start":{"line":22,"column":4},"end":{"line":24,"column":7}},"10":{"start":{"line":26,"column":4},"end":{"line":26,"column":29}},"11":{"start":{"line":27,"column":4},"end":{"line":29,"column":7}},"12":{"start":{"line":33,"column":13},"end":{"line":72,"column":1}},"13":{"start":{"line":34,"column":17},"end":{"line":34,"column":34}},"14":{"start":{"line":35,"column":17},"end":{"line":39,"column":4}},"15":{"start":{"line":40,"column":2},"end":{"line":45,"column":3}},"16":{"start":{"line":41,"column":4},"end":{"line":43,"column":7}},"17":{"start":{"line":44,"column":4},"end":{"line":44,"column":11}},"18":{"start":{"line":47,"column":24},"end":{"line":47,"column":71}},"19":{"start":{"line":49,"column":2},"end":{"line":54,"column":3}},"20":{"start":{"line":50,"column":4},"end":{"line":52,"column":7}},"21":{"start":{"line":53,"column":4},"end":{"line":53,"column":11}},"22":{"start":{"line":55,"column":14},"end":{"line":57,"column":4}},"23":{"start":{"line":59,"column":20},"end":{"line":59,"column":22}},"24":{"start":{"line":60,"column":14},"end":{"line":60,"column":39}},"25":{"start":{"line":61,"column":2},"end":{"line":63,"column":3}},"26":{"start":{"line":61,"column":15},"end":{"line":61,"column":16}},"27":{"start":{"line":62,"column":4},"end":{"line":62,"column":60}},"28":{"start":{"line":65,"column":2},"end":{"line":71,"column":5}},"29":{"start":{"line":74,"column":0},"end":{"line":74,"column":36}}},"fnMap":{"0":{"name":"(anonymous_0)","decl":{"start":{"line":6,"column":13},"end":{"line":6,"column":14}},"loc":{"start":{"line":6,"column":33},"end":{"line":31,"column":1}},"line":6},"1":{"name":"(anonymous_1)","decl":{"start":{"line":33,"column":13},"end":{"line":33,"column":14}},"loc":{"start":{"line":33,"column":33},"end":{"line":72,"column":1}},"line":33}},"branchMap":{"0":{"loc":{"start":{"line":12,"column":2},"end":{"line":30,"column":3}},"type":"if","locations":[{"start":{"line":12,"column":2},"end":{"line":30,"column":3}},{"start":{"line":25,"column":9},"end":{"line":30,"column":3}}],"line":12},"1":{"loc":{"start":{"line":40,"column":2},"end":{"line":45,"column":3}},"type":"if","locations":[{"start":{"line":40,"column":2},"end":{"line":45,"column":3}},{"start":{},"end":{}}],"line":40},"2":{"loc":{"start":{"line":49,"column":2},"end":{"line":54,"column":3}},"type":"if","locations":[{"start":{"line":49,"column":2},"end":{"line":54,"column":3}},{"start":{},"end":{}}],"line":49}},"s":{"0":1,"1":1,"2":1,"3":1,"4":1,"5":0,"6":0,"7":0,"8":0,"9":0,"10":0,"11":0,"12":1,"13":0,"14":0,"15":0,"16":0,"17":0,"18":0,"19":0,"20":0,"21":0,"22":0,"23":0,"24":0,"25":0,"26":0,"27":0,"28":0,"29":1},"f":{"0":0,"1":0},"b":{"0":[0,0],"1":[0,0],"2":[0,0]},"_coverageSchema":"1a1c01bbd47fc00a2c39e90264f33305004495a9","hash":"f6cbe847d513b8e9ce6fa546911f45c0811b80ab"}
,"E:\\Full stack Devolopement\\Ecomm App\\controller\\cart.controller.js": {"path":"E:\\Full stack Devolopement\\Ecomm App\\controller\\cart.controller.js","statementMap":{"0":{"start":{"line":1,"column":11},"end":{"line":1,"column":38}},"1":{"start":{"line":3,"column":17},"end":{"line":15,"column":1}},"2":{"start":{"line":4,"column":13},"end":{"line":4,"column":21}},"3":{"start":{"line":5,"column":2},"end":{"line":14,"column":3}},"4":{"start":{"line":6,"column":4},"end":{"line":6,"column":31}},"5":{"start":{"line":7,"column":4},"end":{"line":9,"column":7}},"6":{"start":{"line":11,"column":4},"end":{"line":13,"column":7}},"7":{"start":{"line":17,"column":17},"end":{"line":48,"column":1}},"8":{"start":{"line":18,"column":17},"end":{"line":18,"column":34}},"9":{"start":{"line":19,"column":21},"end":{"line":19,"column":51}},"10":{"start":{"line":20,"column":2},"end":{"line":47,"column":3}},"11":{"start":{"line":21,"column":24},"end":{"line":25,"column":6}},"12":{"start":{"line":27,"column":4},"end":{"line":46,"column":5}},"13":{"start":{"line":28,"column":6},"end":{"line":28,"column":52}},"14":{"start":{"line":29,"column":6},"end":{"line":29,"column":35}},"15":{"start":{"line":30,"column":22},"end":{"line":30,"column":23}},"16":{"start":{"line":31,"column":28},"end":{"line":31,"column":30}},"17":{"start":{"line":32,"column":21},"end":{"line":32,"column":53}},"18":{"start":{"line":33,"column":6},"end":{"line":40,"column":7}},"19":{"start":{"line":33,"column":19},"end":{"line":33,"column":20}},"20":{"start":{"line":34,"column":8},"end":{"line":34,"column":50}},"21":{"start":{"line":35,"column":8},"end":{"line":39,"column":11}},"22":{"start":{"line":41,"column":6},"end":{"line":45,"column":9}},"23":{"start":{"line":50,"column":14},"end":{"line":69,"column":1}},"24":{"start":{"line":51,"column":13},"end":{"line":51,"column":54}},"25":{"start":{"line":52,"column":18},"end":{"line":52,"column":19}},"26":{"start":{"line":53,"column":25},"end":{"line":53,"column":27}},"27":{"start":{"line":54,"column":17},"end":{"line":54,"column":41}},"28":{"start":{"line":55,"column":2},"end":{"line":62,"column":3}},"29":{"start":{"line":55,"column":15},"end":{"line":55,"column":16}},"30":{"start":{"line":56,"column":4},"end":{"line":56,"column":45}},"31":{"start":{"line":57,"column":4},"end":{"line":61,"column":7}},"32":{"start":{"line":64,"column":2},"end":{"line":68,"column":5}},"33":{"start":{"line":71,"column":0},"end":{"line":75,"column":2}}},"fnMap":{"0":{"name":"(anonymous_0)","decl":{"start":{"line":3,"column":17},"end":{"line":3,"column":18}},"loc":{"start":{"line":3,"column":43},"end":{"line":15,"column":1}},"line":3},"1":{"name":"(anonymous_1)","decl":{"start":{"line":17,"column":17},"end":{"line":17,"column":18}},"loc":{"start":{"line":17,"column":43},"end":{"line":48,"column":1}},"line":17},"2":{"name":"(anonymous_2)","decl":{"start":{"line":50,"column":14},"end":{"line":50,"column":15}},"loc":{"start":{"line":50,"column":40},"end":{"line":69,"column":1}},"line":50}},"branchMap":{"0":{"loc":{"start":{"line":20,"column":2},"end":{"line":47,"column":3}},"type":"if","locations":[{"start":{"line":20,"column":2},"end":{"line":47,"column":3}},{"start":{},"end":{}}],"line":20},"1":{"loc":{"start":{"line":27,"column":4},"end":{"line":46,"column":5}},"type":"if","locations":[{"start":{"line":27,"column":4},"end":{"line":46,"column":5}},{"start":{},"end":{}}],"line":27}},"s":{"0":1,"1":1,"2":0,"3":0,"4":0,"5":0,"6":0,"7":1,"8":0,"9":0,"10":0,"11":0,"12":0,"13":0,"14":0,"15":0,"16":0,"17":0,"18":0,"19":0,"20":0,"21":0,"22":0,"23":1,"24":0,"25":0,"26":0,"27":0,"28":0,"29":0,"30":0,"31":0,"32":0,"33":1},"f":{"0":0,"1":0,"2":0},"b":{"0":[0,0],"1":[0,0]},"_coverageSchema":"1a1c01bbd47fc00a2c39e90264f33305004495a9","hash":"43764b30e0b30f41b093b6f449f1376f0d431ae8"}
,"E:\\Full stack Devolopement\\Ecomm App\\controller\\category.controller.js": {"path":"E:\\Full stack Devolopement\\Ecomm App\\controller\\category.controller.js","statementMap":{"0":{"start":{"line":1,"column":11},"end":{"line":1,"column":38}},"1":{"start":{"line":3,"column":23},"end":{"line":12,"column":1}},"2":{"start":{"line":4,"column":2},"end":{"line":11,"column":3}},"3":{"start":{"line":5,"column":21},"end":{"line":5,"column":48}},"4":{"start":{"line":6,"column":4},"end":{"line":6,"column":37}},"5":{"start":{"line":8,"column":4},"end":{"line":10,"column":7}},"6":{"start":{"line":14,"column":22},"end":{"line":23,"column":1}},"7":{"start":{"line":15,"column":11},"end":{"line":15,"column":32}},"8":{"start":{"line":16,"column":19},"end":{"line":20,"column":4}},"9":{"start":{"line":21,"column":2},"end":{"line":21,"column":35}},"10":{"start":{"line":22,"column":2},"end":{"line":22,"column":12}},"11":{"start":{"line":25,"column":21},"end":{"line":36,"column":1}},"12":{"start":{"line":26,"column":2},"end":{"line":35,"column":3}},"13":{"start":{"line":27,"column":24},"end":{"line":27,"column":37}},"14":{"start":{"line":28,"column":4},"end":{"line":30,"column":7}},"15":{"start":{"line":31,"column":4},"end":{"line":31,"column":47}},"16":{"start":{"line":32,"column":4},"end":{"line":32,"column":14}},"17":{"start":{"line":34,"column":4},"end":{"line":34,"column":14}},"18":{"start":{"line":38,"column":25},"end":{"line":47,"column":1}},"19":{"start":{"line":39,"column":11},"end":{"line":39,"column":32}},"20":{"start":{"line":40,"column":2},"end":{"line":44,"column":5}},"21":{"start":{"line":45,"column":2},"end":{"line":45,"column":43}},"22":{"start":{"line":46,"column":2},"end":{"line":46,"column":12}},"23":{"start":{"line":49,"column":25},"end":{"line":62,"column":1}},"24":{"start":{"line":50,"column":11},"end":{"line":50,"column":32}},"25":{"start":{"line":51,"column":25},"end":{"line":53,"column":3}},"26":{"start":{"line":54,"column":2},"end":{"line":58,"column":5}},"27":{"start":{"line":59,"column":23},"end":{"line":59,"column":53}},"28":{"start":{"line":60,"column":2},"end":{"line":60,"column":39}},"29":{"start":{"line":61,"column":2},"end":{"line":61,"column":12}},"30":{"start":{"line":63,"column":10},"end":{"line":69,"column":1}},"31":{"start":{"line":70,"column":0},"end":{"line":70,"column":21}}},"fnMap":{"0":{"name":"(anonymous_0)","decl":{"start":{"line":3,"column":23},"end":{"line":3,"column":24}},"loc":{"start":{"line":3,"column":49},"end":{"line":12,"column":1}},"line":3},"1":{"name":"(anonymous_1)","decl":{"start":{"line":14,"column":22},"end":{"line":14,"column":23}},"loc":{"start":{"line":14,"column":42},"end":{"line":23,"column":1}},"line":14},"2":{"name":"(anonymous_2)","decl":{"start":{"line":25,"column":21},"end":{"line":25,"column":22}},"loc":{"start":{"line":25,"column":47},"end":{"line":36,"column":1}},"line":25},"3":{"name":"(anonymous_3)","decl":{"start":{"line":38,"column":25},"end":{"line":38,"column":26}},"loc":{"start":{"line":38,"column":51},"end":{"line":47,"column":1}},"line":38},"4":{"name":"(anonymous_4)","decl":{"start":{"line":49,"column":25},"end":{"line":49,"column":26}},"loc":{"start":{"line":49,"column":51},"end":{"line":62,"column":1}},"line":49}},"branchMap":{},"s":{"0":2,"1":2,"2":2,"3":2,"4":1,"5":1,"6":2,"7":1,"8":1,"9":1,"10":1,"11":2,"12":1,"13":1,"14":1,"15":1,"16":1,"17":0,"18":2,"19":1,"20":1,"21":1,"22":1,"23":2,"24":0,"25":0,"26":0,"27":0,"28":0,"29":0,"30":2,"31":2},"f":{"0":2,"1":1,"2":1,"3":1,"4":0},"b":{},"_coverageSchema":"1a1c01bbd47fc00a2c39e90264f33305004495a9","hash":"001113b5594b1a81ebdad72df8f30a3ee47c0002"}
,"E:\\Full stack Devolopement\\Ecomm App\\controller\\product.controller.js": {"path":"E:\\Full stack Devolopement\\Ecomm App\\controller\\product.controller.js","statementMap":{"0":{"start":{"line":1,"column":11},"end":{"line":1,"column":38}},"1":{"start":{"line":3,"column":21},"end":{"line":31,"column":1}},"2":{"start":{"line":4,"column":19},"end":{"line":4,"column":39}},"3":{"start":{"line":5,"column":17},"end":{"line":5,"column":35}},"4":{"start":{"line":6,"column":17},"end":{"line":6,"column":35}},"5":{"start":{"line":7,"column":17},"end":{"line":7,"column":19}},"6":{"start":{"line":9,"column":2},"end":{"line":27,"column":3}},"7":{"start":{"line":10,"column":4},"end":{"line":10,"column":42}},"8":{"start":{"line":12,"column":4},"end":{"line":26,"column":5}},"9":{"start":{"line":13,"column":6},"end":{"line":13,"column":52}},"10":{"start":{"line":14,"column":11},"end":{"line":26,"column":5}},"11":{"start":{"line":15,"column":6},"end":{"line":15,"column":62}},"12":{"start":{"line":17,"column":6},"end":{"line":25,"column":9}},"13":{"start":{"line":29,"column":2},"end":{"line":29,"column":33}},"14":{"start":{"line":30,"column":2},"end":{"line":30,"column":12}},"15":{"start":{"line":33,"column":23},"end":{"line":41,"column":1}},"16":{"start":{"line":34,"column":25},"end":{"line":38,"column":4}},"17":{"start":{"line":40,"column":2},"end":{"line":40,"column":26}},"18":{"start":{"line":43,"column":25},"end":{"line":54,"column":1}},"19":{"start":{"line":44,"column":25},"end":{"line":51,"column":4}},"20":{"start":{"line":53,"column":2},"end":{"line":53,"column":26}},"21":{"start":{"line":56,"column":21},"end":{"line":68,"column":1}},"22":{"start":{"line":57,"column":11},"end":{"line":57,"column":31}},"23":{"start":{"line":58,"column":2},"end":{"line":60,"column":3}},"24":{"start":{"line":59,"column":4},"end":{"line":59,"column":42}},"25":{"start":{"line":61,"column":17},"end":{"line":65,"column":4}},"26":{"start":{"line":66,"column":2},"end":{"line":66,"column":33}},"27":{"start":{"line":67,"column":2},"end":{"line":67,"column":12}},"28":{"start":{"line":70,"column":20},"end":{"line":82,"column":1}},"29":{"start":{"line":71,"column":18},"end":{"line":71,"column":31}},"30":{"start":{"line":72,"column":19},"end":{"line":72,"column":33}},"31":{"start":{"line":73,"column":24},"end":{"line":73,"column":43}},"32":{"start":{"line":74,"column":2},"end":{"line":78,"column":5}},"33":{"start":{"line":80,"column":2},"end":{"line":80,"column":44}},"34":{"start":{"line":81,"column":2},"end":{"line":81,"column":12}},"35":{"start":{"line":84,"column":24},"end":{"line":94,"column":1}},"36":{"start":{"line":85,"column":11},"end":{"line":85,"column":31}},"37":{"start":{"line":86,"column":2},"end":{"line":90,"column":5}},"38":{"start":{"line":92,"column":2},"end":{"line":92,"column":42}},"39":{"start":{"line":93,"column":2},"end":{"line":93,"column":12}},"40":{"start":{"line":96,"column":24},"end":{"line":112,"column":1}},"41":{"start":{"line":97,"column":2},"end":{"line":100,"column":3}},"42":{"start":{"line":98,"column":4},"end":{"line":98,"column":54}},"43":{"start":{"line":99,"column":4},"end":{"line":99,"column":14}},"44":{"start":{"line":101,"column":11},"end":{"line":101,"column":31}},"45":{"start":{"line":102,"column":25},"end":{"line":104,"column":3}},"46":{"start":{"line":105,"column":2},"end":{"line":109,"column":5}},"47":{"start":{"line":110,"column":23},"end":{"line":110,"column":52}},"48":{"start":{"line":111,"column":2},"end":{"line":111,"column":39}},"49":{"start":{"line":114,"column":20},"end":{"line":124,"column":1}},"50":{"start":{"line":115,"column":21},"end":{"line":115,"column":29}},"51":{"start":{"line":116,"column":2},"end":{"line":123,"column":3}},"52":{"start":{"line":117,"column":4},"end":{"line":117,"column":42}},"53":{"start":{"line":118,"column":4},"end":{"line":118,"column":39}},"54":{"start":{"line":120,"column":4},"end":{"line":122,"column":7}},"55":{"start":{"line":126,"column":0},"end":{"line":133,"column":2}}},"fnMap":{"0":{"name":"(anonymous_0)","decl":{"start":{"line":3,"column":21},"end":{"line":3,"column":22}},"loc":{"start":{"line":3,"column":47},"end":{"line":31,"column":1}},"line":3},"1":{"name":"(anonymous_1)","decl":{"start":{"line":33,"column":23},"end":{"line":33,"column":24}},"loc":{"start":{"line":33,"column":45},"end":{"line":41,"column":1}},"line":33},"2":{"name":"(anonymous_2)","decl":{"start":{"line":43,"column":25},"end":{"line":43,"column":26}},"loc":{"start":{"line":43,"column":55},"end":{"line":54,"column":1}},"line":43},"3":{"name":"(anonymous_3)","decl":{"start":{"line":56,"column":21},"end":{"line":56,"column":22}},"loc":{"start":{"line":56,"column":41},"end":{"line":68,"column":1}},"line":56},"4":{"name":"(anonymous_4)","decl":{"start":{"line":70,"column":20},"end":{"line":70,"column":21}},"loc":{"start":{"line":70,"column":46},"end":{"line":82,"column":1}},"line":70},"5":{"name":"(anonymous_5)","decl":{"start":{"line":84,"column":24},"end":{"line":84,"column":25}},"loc":{"start":{"line":84,"column":50},"end":{"line":94,"column":1}},"line":84},"6":{"name":"(anonymous_6)","decl":{"start":{"line":96,"column":24},"end":{"line":96,"column":25}},"loc":{"start":{"line":96,"column":50},"end":{"line":112,"column":1}},"line":96},"7":{"name":"(anonymous_7)","decl":{"start":{"line":114,"column":20},"end":{"line":114,"column":21}},"loc":{"start":{"line":114,"column":46},"end":{"line":124,"column":1}},"line":114}},"branchMap":{"0":{"loc":{"start":{"line":9,"column":2},"end":{"line":27,"column":3}},"type":"if","locations":[{"start":{"line":9,"column":2},"end":{"line":27,"column":3}},{"start":{"line":11,"column":9},"end":{"line":27,"column":3}}],"line":9},"1":{"loc":{"start":{"line":12,"column":4},"end":{"line":26,"column":5}},"type":"if","locations":[{"start":{"line":12,"column":4},"end":{"line":26,"column":5}},{"start":{"line":14,"column":11},"end":{"line":26,"column":5}}],"line":12},"2":{"loc":{"start":{"line":12,"column":8},"end":{"line":12,"column":45}},"type":"binary-expr","locations":[{"start":{"line":12,"column":8},"end":{"line":12,"column":18}},{"start":{"line":12,"column":22},"end":{"line":12,"column":45}}],"line":12},"3":{"loc":{"start":{"line":12,"column":24},"end":{"line":12,"column":44}},"type":"binary-expr","locations":[{"start":{"line":12,"column":24},"end":{"line":12,"column":32}},{"start":{"line":12,"column":36},"end":{"line":12,"column":44}}],"line":12},"4":{"loc":{"start":{"line":14,"column":11},"end":{"line":26,"column":5}},"type":"if","locations":[{"start":{"line":14,"column":11},"end":{"line":26,"column":5}},{"start":{"line":16,"column":11},"end":{"line":26,"column":5}}],"line":14},"5":{"loc":{"start":{"line":14,"column":15},"end":{"line":14,"column":50}},"type":"binary-expr","locations":[{"start":{"line":14,"column":15},"end":{"line":14,"column":26}},{"start":{"line":14,"column":30},"end":{"line":14,"column":38}},{"start":{"line":14,"column":42},"end":{"line":14,"column":50}}],"line":14},"6":{"loc":{"start":{"line":58,"column":2},"end":{"line":60,"column":3}},"type":"if","locations":[{"start":{"line":58,"column":2},"end":{"line":60,"column":3}},{"start":{},"end":{}}],"line":58},"7":{"loc":{"start":{"line":97,"column":2},"end":{"line":100,"column":3}},"type":"if","locations":[{"start":{"line":97,"column":2},"end":{"line":100,"column":3}},{"start":{},"end":{}}],"line":97}},"s":{"0":2,"1":2,"2":0,"3":0,"4":0,"5":0,"6":0,"7":0,"8":0,"9":0,"10":0,"11":0,"12":0,"13":0,"14":0,"15":2,"16":0,"17":0,"18":2,"19":0,"20":0,"21":2,"22":0,"23":0,"24":0,"25":0,"26":0,"27":0,"28":2,"29":1,"30":1,"31":1,"32":1,"33":1,"34":1,"35":2,"36":0,"37":0,"38":0,"39":0,"40":2,"41":0,"42":0,"43":0,"44":0,"45":0,"46":0,"47":0,"48":0,"49":2,"50":1,"51":1,"52":1,"53":1,"54":0,"55":2},"f":{"0":0,"1":0,"2":0,"3":0,"4":1,"5":0,"6":0,"7":1},"b":{"0":[0,0],"1":[0,0],"2":[0,0],"3":[0,0],"4":[0,0],"5":[0,0,0],"6":[0,0],"7":[0,0]},"_coverageSchema":"1a1c01bbd47fc00a2c39e90264f33305004495a9","hash":"26eeb5816d9d0e6aa1baf9e9b598e951e56aef36"}
,"E:\\Full stack Devolopement\\Ecomm App\\middlewares\\Errorhandler.js": {"path":"E:\\Full stack Devolopement\\Ecomm App\\middlewares\\Errorhandler.js","statementMap":{"0":{"start":{"line":1,"column":11},"end":{"line":1,"column":26}},"1":{"start":{"line":3,"column":21},"end":{"line":14,"column":1}},"2":{"start":{"line":4,"column":4},"end":{"line":4,"column":45}},"3":{"start":{"line":5,"column":23},"end":{"line":5,"column":44}},"4":{"start":{"line":6,"column":20},"end":{"line":6,"column":57}},"5":{"start":{"line":13,"column":4},"end":{"line":13,"column":64}},"6":{"start":{"line":16,"column":0},"end":{"line":16,"column":30}}},"fnMap":{"0":{"name":"(anonymous_0)","decl":{"start":{"line":3,"column":21},"end":{"line":3,"column":22}},"loc":{"start":{"line":3,"column":43},"end":{"line":14,"column":1}},"line":3}},"branchMap":{"0":{"loc":{"start":{"line":5,"column":23},"end":{"line":5,"column":44}},"type":"binary-expr","locations":[{"start":{"line":5,"column":23},"end":{"line":5,"column":37}},{"start":{"line":5,"column":41},"end":{"line":5,"column":44}}],"line":5},"1":{"loc":{"start":{"line":6,"column":20},"end":{"line":6,"column":57}},"type":"binary-expr","locations":[{"start":{"line":6,"column":20},"end":{"line":6,"column":31}},{"start":{"line":6,"column":35},"end":{"line":6,"column":57}}],"line":6}},"s":{"0":1,"1":1,"2":0,"3":0,"4":0,"5":0,"6":1},"f":{"0":0},"b":{"0":[0,0],"1":[0,0]},"_coverageSchema":"1a1c01bbd47fc00a2c39e90264f33305004495a9","hash":"4733777b2938e7e9b31b99ebb0036e2bb230887e"}
,"E:\\Full stack Devolopement\\Ecomm App\\middlewares\\RequestValidator.js": {"path":"E:\\Full stack Devolopement\\Ecomm App\\middlewares\\RequestValidator.js","statementMap":{"0":{"start":{"line":1,"column":19},"end":{"line":1,"column":49}},"1":{"start":{"line":3,"column":35},"end":{"line":11,"column":1}},"2":{"start":{"line":4,"column":2},"end":{"line":9,"column":3}},"3":{"start":{"line":5,"column":4},"end":{"line":7,"column":7}},"4":{"start":{"line":8,"column":4},"end":{"line":8,"column":11}},"5":{"start":{"line":10,"column":2},"end":{"line":10,"column":9}},"6":{"start":{"line":13,"column":33},"end":{"line":30,"column":1}},"7":{"start":{"line":14,"column":19},"end":{"line":14,"column":40}},"8":{"start":{"line":15,"column":2},"end":{"line":28,"column":3}},"9":{"start":{"line":16,"column":19},"end":{"line":16,"column":56}},"10":{"start":{"line":17,"column":4},"end":{"line":22,"column":5}},"11":{"start":{"line":18,"column":6},"end":{"line":20,"column":9}},"12":{"start":{"line":21,"column":6},"end":{"line":21,"column":13}},"13":{"start":{"line":23,"column":4},"end":{"line":23,"column":11}},"14":{"start":{"line":25,"column":4},"end":{"line":27,"column":7}},"15":{"start":{"line":32,"column":0},"end":{"line":32,"column":74}}},"fnMap":{"0":{"name":"(anonymous_0)","decl":{"start":{"line":3,"column":35},"end":{"line":3,"column":36}},"loc":{"start":{"line":3,"column":55},"end":{"line":11,"column":1}},"line":3},"1":{"name":"(anonymous_1)","decl":{"start":{"line":13,"column":33},"end":{"line":13,"column":34}},"loc":{"start":{"line":13,"column":59},"end":{"line":30,"column":1}},"line":13}},"branchMap":{"0":{"loc":{"start":{"line":4,"column":2},"end":{"line":9,"column":3}},"type":"if","locations":[{"start":{"line":4,"column":2},"end":{"line":9,"column":3}},{"start":{},"end":{}}],"line":4},"1":{"loc":{"start":{"line":15,"column":2},"end":{"line":28,"column":3}},"type":"if","locations":[{"start":{"line":15,"column":2},"end":{"line":28,"column":3}},{"start":{"line":24,"column":9},"end":{"line":28,"column":3}}],"line":15},"2":{"loc":{"start":{"line":17,"column":4},"end":{"line":22,"column":5}},"type":"if","locations":[{"start":{"line":17,"column":4},"end":{"line":22,"column":5}},{"start":{},"end":{}}],"line":17}},"s":{"0":1,"1":1,"2":0,"3":0,"4":0,"5":0,"6":1,"7":0,"8":0,"9":0,"10":0,"11":0,"12":0,"13":0,"14":0,"15":1},"f":{"0":0,"1":0},"b":{"0":[0,0],"1":[0,0],"2":[0,0]},"_coverageSchema":"1a1c01bbd47fc00a2c39e90264f33305004495a9","hash":"3cd61a394d6b5ba6c5e49f9b9db02ca4ac3f7dbc"}
,"E:\\Full stack Devolopement\\Ecomm App\\middlewares\\authjwt.js": {"path":"E:\\Full stack Devolopement\\Ecomm App\\middlewares\\authjwt.js","statementMap":{"0":{"start":{"line":1,"column":12},"end":{"line":1,"column":35}},"1":{"start":{"line":2,"column":15},"end":{"line":2,"column":49}},"2":{"start":{"line":4,"column":20},"end":{"line":23,"column":1}},"3":{"start":{"line":5,"column":14},"end":{"line":5,"column":43}},"4":{"start":{"line":6,"column":2},"end":{"line":11,"column":3}},"5":{"start":{"line":7,"column":4},"end":{"line":9,"column":7}},"6":{"start":{"line":10,"column":4},"end":{"line":10,"column":11}},"7":{"start":{"line":13,"column":2},"end":{"line":22,"column":5}},"8":{"start":{"line":14,"column":4},"end":{"line":19,"column":5}},"9":{"start":{"line":15,"column":6},"end":{"line":17,"column":9}},"10":{"start":{"line":18,"column":6},"end":{"line":18,"column":13}},"11":{"start":{"line":20,"column":4},"end":{"line":20,"column":28}},"12":{"start":{"line":21,"column":4},"end":{"line":21,"column":11}},"13":{"start":{"line":25,"column":0},"end":{"line":27,"column":2}}},"fnMap":{"0":{"name":"(anonymous_0)","decl":{"start":{"line":4,"column":20},"end":{"line":4,"column":21}},"loc":{"start":{"line":4,"column":40},"end":{"line":23,"column":1}},"line":4},"1":{"name":"(anonymous_1)","decl":{"start":{"line":13,"column":35},"end":{"line":13,"column":36}},"loc":{"start":{"line":13,"column":53},"end":{"line":22,"column":3}},"line":13}},"branchMap":{"0":{"loc":{"start":{"line":6,"column":2},"end":{"line":11,"column":3}},"type":"if","locations":[{"start":{"line":6,"column":2},"end":{"line":11,"column":3}},{"start":{},"end":{}}],"line":6},"1":{"loc":{"start":{"line":14,"column":4},"end":{"line":19,"column":5}},"type":"if","locations":[{"start":{"line":14,"column":4},"end":{"line":19,"column":5}},{"start":{},"end":{}}],"line":14}},"s":{"0":1,"1":1,"2":1,"3":1,"4":1,"5":1,"6":1,"7":0,"8":0,"9":0,"10":0,"11":0,"12":0,"13":1},"f":{"0":1,"1":0},"b":{"0":[1,0],"1":[0,0]},"_coverageSchema":"1a1c01bbd47fc00a2c39e90264f33305004495a9","hash":"1ae25240fbcbdbd9e6a320bb8bdf4bbea3c2992c"}
,"E:\\Full stack Devolopement\\Ecomm App\\middlewares\\verifysignup.js": {"path":"E:\\Full stack Devolopement\\Ecomm App\\middlewares\\verifysignup.js","statementMap":{"0":{"start":{"line":1,"column":11},"end":{"line":1,"column":36}},"1":{"start":{"line":2,"column":14},"end":{"line":2,"column":22}},"2":{"start":{"line":3,"column":13},"end":{"line":3,"column":20}},"3":{"start":{"line":5,"column":29},"end":{"line":18,"column":1}},"4":{"start":{"line":6,"column":13},"end":{"line":10,"column":4}},"5":{"start":{"line":11,"column":2},"end":{"line":16,"column":3}},"6":{"start":{"line":12,"column":4},"end":{"line":14,"column":7}},"7":{"start":{"line":15,"column":4},"end":{"line":15,"column":11}},"8":{"start":{"line":17,"column":2},"end":{"line":17,"column":9}},"9":{"start":{"line":20,"column":23},"end":{"line":32,"column":1}},"10":{"start":{"line":21,"column":2},"end":{"line":30,"column":3}},"11":{"start":{"line":22,"column":4},"end":{"line":29,"column":5}},"12":{"start":{"line":22,"column":17},"end":{"line":22,"column":18}},"13":{"start":{"line":23,"column":6},"end":{"line":28,"column":7}},"14":{"start":{"line":24,"column":8},"end":{"line":26,"column":11}},"15":{"start":{"line":27,"column":8},"end":{"line":27,"column":15}},"16":{"start":{"line":31,"column":2},"end":{"line":31,"column":9}},"17":{"start":{"line":34,"column":21},"end":{"line":37,"column":1}},"18":{"start":{"line":39,"column":0},"end":{"line":39,"column":30}}},"fnMap":{"0":{"name":"(anonymous_0)","decl":{"start":{"line":5,"column":29},"end":{"line":5,"column":30}},"loc":{"start":{"line":5,"column":55},"end":{"line":18,"column":1}},"line":5},"1":{"name":"(anonymous_1)","decl":{"start":{"line":20,"column":23},"end":{"line":20,"column":24}},"loc":{"start":{"line":20,"column":43},"end":{"line":32,"column":1}},"line":20}},"branchMap":{"0":{"loc":{"start":{"line":11,"column":2},"end":{"line":16,"column":3}},"type":"if","locations":[{"start":{"line":11,"column":2},"end":{"line":16,"column":3}},{"start":{},"end":{}}],"line":11},"1":{"loc":{"start":{"line":21,"column":2},"end":{"line":30,"column":3}},"type":"if","locations":[{"start":{"line":21,"column":2},"end":{"line":30,"column":3}},{"start":{},"end":{}}],"line":21},"2":{"loc":{"start":{"line":23,"column":6},"end":{"line":28,"column":7}},"type":"if","locations":[{"start":{"line":23,"column":6},"end":{"line":28,"column":7}},{"start":{},"end":{}}],"line":23}},"s":{"0":1,"1":1,"2":1,"3":1,"4":0,"5":0,"6":0,"7":0,"8":0,"9":1,"10":0,"11":0,"12":0,"13":0,"14":0,"15":0,"16":0,"17":1,"18":1},"f":{"0":0,"1":0},"b":{"0":[0,0],"1":[0,0],"2":[0,0]},"_coverageSchema":"1a1c01bbd47fc00a2c39e90264f33305004495a9","hash":"f6575550a6938c8c8c2b1ec9cd6c0ce940ab3ad4"}
,"E:\\Full stack Devolopement\\Ecomm App\\model\\cart.js": {"path":"E:\\Full stack Devolopement\\Ecomm App\\model\\cart.js","statementMap":{"0":{"start":{"line":1,"column":0},"end":{"line":19,"column":2}},"1":{"start":{"line":2,"column":13},"end":{"line":17,"column":3}},"2":{"start":{"line":18,"column":2},"end":{"line":18,"column":14}}},"fnMap":{"0":{"name":"(anonymous_0)","decl":{"start":{"line":1,"column":17},"end":{"line":1,"column":18}},"loc":{"start":{"line":1,"column":46},"end":{"line":19,"column":1}},"line":1}},"branchMap":{},"s":{"0":3,"1":3,"2":3},"f":{"0":3},"b":{},"_coverageSchema":"1a1c01bbd47fc00a2c39e90264f33305004495a9","hash":"1c28f2f96d306a1a43202f2afb4450dd818064c1"}
,"E:\\Full stack Devolopement\\Ecomm App\\model\\category.js": {"path":"E:\\Full stack Devolopement\\Ecomm App\\model\\category.js","statementMap":{"0":{"start":{"line":1,"column":0},"end":{"line":22,"column":2}},"1":{"start":{"line":2,"column":22},"end":{"line":20,"column":3}},"2":{"start":{"line":21,"column":2},"end":{"line":21,"column":23}}},"fnMap":{"0":{"name":"(anonymous_0)","decl":{"start":{"line":1,"column":17},"end":{"line":1,"column":18}},"loc":{"start":{"line":1,"column":46},"end":{"line":22,"column":1}},"line":1}},"branchMap":{},"s":{"0":3,"1":3,"2":3},"f":{"0":3},"b":{},"_coverageSchema":"1a1c01bbd47fc00a2c39e90264f33305004495a9","hash":"d5f86677c81a27cf100014bdaa5cab8527673685"}
,"E:\\Full stack Devolopement\\Ecomm App\\model\\index.js": {"path":"E:\\Full stack Devolopement\\Ecomm App\\model\\index.js","statementMap":{"0":{"start":{"line":1,"column":18},"end":{"line":1,"column":38}},"1":{"start":{"line":2,"column":12},"end":{"line":2,"column":49}},"2":{"start":{"line":3,"column":17},"end":{"line":3,"column":54}},"3":{"start":{"line":5,"column":9},"end":{"line":5,"column":11}},"4":{"start":{"line":7,"column":0},"end":{"line":17,"column":3}},"5":{"start":{"line":18,"column":0},"end":{"line":18,"column":25}},"6":{"start":{"line":19,"column":0},"end":{"line":19,"column":56}},"7":{"start":{"line":20,"column":0},"end":{"line":20,"column":54}},"8":{"start":{"line":21,"column":0},"end":{"line":21,"column":60}},"9":{"start":{"line":22,"column":0},"end":{"line":22,"column":54}},"10":{"start":{"line":23,"column":0},"end":{"line":23,"column":71}},"11":{"start":{"line":25,"column":0},"end":{"line":29,"column":3}},"12":{"start":{"line":31,"column":0},"end":{"line":35,"column":3}},"13":{"start":{"line":37,"column":0},"end":{"line":41,"column":3}},"14":{"start":{"line":43,"column":0},"end":{"line":47,"column":3}},"15":{"start":{"line":49,"column":0},"end":{"line":49,"column":29}},"16":{"start":{"line":51,"column":0},"end":{"line":51,"column":20}}},"fnMap":{},"branchMap":{"0":{"loc":{"start":{"line":2,"column":12},"end":{"line":2,"column":49}},"type":"binary-expr","locations":[{"start":{"line":2,"column":12},"end":{"line":2,"column":32}},{"start":{"line":2,"column":36},"end":{"line":2,"column":49}}],"line":2}},"s":{"0":3,"1":3,"2":3,"3":3,"4":3,"5":3,"6":3,"7":3,"8":3,"9":3,"10":3,"11":3,"12":3,"13":3,"14":3,"15":3,"16":3},"f":{},"b":{"0":[3,0]},"_coverageSchema":"1a1c01bbd47fc00a2c39e90264f33305004495a9","hash":"0e9375a6c2fbc7bbe21baae21d90c4b4515e8efa"}
,"E:\\Full stack Devolopement\\Ecomm App\\model\\product.js": {"path":"E:\\Full stack Devolopement\\Ecomm App\\model\\product.js","statementMap":{"0":{"start":{"line":1,"column":0},"end":{"line":26,"column":2}},"1":{"start":{"line":2,"column":17},"end":{"line":24,"column":3}},"2":{"start":{"line":25,"column":2},"end":{"line":25,"column":18}}},"fnMap":{"0":{"name":"(anonymous_0)","decl":{"start":{"line":1,"column":17},"end":{"line":1,"column":18}},"loc":{"start":{"line":1,"column":46},"end":{"line":26,"column":1}},"line":1}},"branchMap":{},"s":{"0":3,"1":3,"2":3},"f":{"0":3},"b":{},"_coverageSchema":"1a1c01bbd47fc00a2c39e90264f33305004495a9","hash":"9da34f885410ffe1104f3ee617d37503c0892ab2"}
,"E:\\Full stack Devolopement\\Ecomm App\\model\\roles.js": {"path":"E:\\Full stack Devolopement\\Ecomm App\\model\\roles.js","statementMap":{"0":{"start":{"line":1,"column":0},"end":{"line":18,"column":2}},"1":{"start":{"line":2,"column":15},"end":{"line":16,"column":3}},"2":{"start":{"line":17,"column":2},"end":{"line":17,"column":14}}},"fnMap":{"0":{"name":"(anonymous_0)","decl":{"start":{"line":1,"column":17},"end":{"line":1,"column":18}},"loc":{"start":{"line":1,"column":46},"end":{"line":18,"column":1}},"line":1}},"branchMap":{},"s":{"0":3,"1":3,"2":3},"f":{"0":3},"b":{},"_coverageSchema":"1a1c01bbd47fc00a2c39e90264f33305004495a9","hash":"57b8b9e863083693cc4ec0c21a87e7c6a1c300dd"}
,"E:\\Full stack Devolopement\\Ecomm App\\model\\user.js": {"path":"E:\\Full stack Devolopement\\Ecomm App\\model\\user.js","statementMap":{"0":{"start":{"line":1,"column":0},"end":{"line":20,"column":2}},"1":{"start":{"line":2,"column":15},"end":{"line":18,"column":3}},"2":{"start":{"line":19,"column":2},"end":{"line":19,"column":14}}},"fnMap":{"0":{"name":"(anonymous_0)","decl":{"start":{"line":1,"column":17},"end":{"line":1,"column":18}},"loc":{"start":{"line":1,"column":46},"end":{"line":20,"column":1}},"line":1}},"branchMap":{},"s":{"0":3,"1":3,"2":3},"f":{"0":3},"b":{},"_coverageSchema":"1a1c01bbd47fc00a2c39e90264f33305004495a9","hash":"115025a9a599ff6ccff5a3c9278bf6b01005c491"}
,"E:\\Full stack Devolopement\\Ecomm App\\routes\\auth.route.js": {"path":"E:\\Full stack Devolopement\\Ecomm App\\routes\\auth.route.js","statementMap":{"0":{"start":{"line":1,"column":16},"end":{"line":1,"column":34}},"1":{"start":{"line":2,"column":19},"end":{"line":2,"column":28}},"2":{"start":{"line":3,"column":15},"end":{"line":3,"column":31}},"3":{"start":{"line":4,"column":19},"end":{"line":4,"column":59}},"4":{"start":{"line":5,"column":21},"end":{"line":5,"column":59}},"5":{"start":{"line":6,"column":0},"end":{"line":12,"column":3}},"6":{"start":{"line":7,"column":2},"end":{"line":10,"column":4}},"7":{"start":{"line":11,"column":2},"end":{"line":11,"column":9}},"8":{"start":{"line":13,"column":0},"end":{"line":17,"column":2}},"9":{"start":{"line":18,"column":0},"end":{"line":18,"column":42}},"10":{"start":{"line":20,"column":0},"end":{"line":20,"column":24}}},"fnMap":{"0":{"name":"(anonymous_0)","decl":{"start":{"line":6,"column":15},"end":{"line":6,"column":16}},"loc":{"start":{"line":6,"column":41},"end":{"line":12,"column":1}},"line":6}},"branchMap":{},"s":{"0":1,"1":1,"2":1,"3":1,"4":1,"5":1,"6":0,"7":0,"8":1,"9":1,"10":1},"f":{"0":0},"b":{},"_coverageSchema":"1a1c01bbd47fc00a2c39e90264f33305004495a9","hash":"bbe3de7365c912488a888fd282b7912e1f2290ad"}
,"E:\\Full stack Devolopement\\Ecomm App\\routes\\cart.route.js": {"path":"E:\\Full stack Devolopement\\Ecomm App\\routes\\cart.route.js","statementMap":{"0":{"start":{"line":1,"column":14},"end":{"line":1,"column":32}},"1":{"start":{"line":2,"column":17},"end":{"line":2,"column":33}},"2":{"start":{"line":3,"column":21},"end":{"line":3,"column":63}},"3":{"start":{"line":4,"column":14},"end":{"line":4,"column":49}},"4":{"start":{"line":6,"column":0},"end":{"line":6,"column":71}},"5":{"start":{"line":7,"column":0},"end":{"line":7,"column":77}},"6":{"start":{"line":8,"column":0},"end":{"line":8,"column":74}},"7":{"start":{"line":10,"column":0},"end":{"line":10,"column":28}}},"fnMap":{},"branchMap":{},"s":{"0":1,"1":1,"2":1,"3":1,"4":1,"5":1,"6":1,"7":1},"f":{},"b":{},"_coverageSchema":"1a1c01bbd47fc00a2c39e90264f33305004495a9","hash":"741c888dc1d22010a5f40aa4b94e8c0e65d3a335"}
,"E:\\Full stack Devolopement\\Ecomm App\\routes\\categories.route.js": {"path":"E:\\Full stack Devolopement\\Ecomm App\\routes\\categories.route.js","statementMap":{"0":{"start":{"line":1,"column":14},"end":{"line":1,"column":32}},"1":{"start":{"line":2,"column":21},"end":{"line":2,"column":37}},"2":{"start":{"line":3,"column":25},"end":{"line":3,"column":71}},"3":{"start":{"line":4,"column":23},"end":{"line":4,"column":65}},"4":{"start":{"line":5,"column":0},"end":{"line":5,"column":61}},"5":{"start":{"line":6,"column":0},"end":{"line":10,"column":2}},"6":{"start":{"line":11,"column":0},"end":{"line":18,"column":2}},"7":{"start":{"line":19,"column":0},"end":{"line":23,"column":2}},"8":{"start":{"line":24,"column":0},"end":{"line":28,"column":2}},"9":{"start":{"line":30,"column":0},"end":{"line":30,"column":32}}},"fnMap":{},"branchMap":{},"s":{"0":1,"1":1,"2":1,"3":1,"4":1,"5":1,"6":1,"7":1,"8":1,"9":1},"f":{},"b":{},"_coverageSchema":"1a1c01bbd47fc00a2c39e90264f33305004495a9","hash":"5b6aa7df764a5a6e4b59cddb74c670575ddaeb5c"}
,"E:\\Full stack Devolopement\\Ecomm App\\routes\\index.js": {"path":"E:\\Full stack Devolopement\\Ecomm App\\routes\\index.js","statementMap":{"0":{"start":{"line":1,"column":14},"end":{"line":1,"column":32}},"1":{"start":{"line":2,"column":13},"end":{"line":2,"column":29}},"2":{"start":{"line":3,"column":21},"end":{"line":3,"column":50}},"3":{"start":{"line":4,"column":20},"end":{"line":4,"column":47}},"4":{"start":{"line":5,"column":16},"end":{"line":5,"column":39}},"5":{"start":{"line":6,"column":16},"end":{"line":6,"column":39}},"6":{"start":{"line":7,"column":0},"end":{"line":10,"column":3}},"7":{"start":{"line":8,"column":2},"end":{"line":8,"column":37}},"8":{"start":{"line":9,"column":2},"end":{"line":9,"column":12}},"9":{"start":{"line":11,"column":0},"end":{"line":11,"column":55}},"10":{"start":{"line":12,"column":0},"end":{"line":12,"column":52}},"11":{"start":{"line":13,"column":0},"end":{"line":13,"column":44}},"12":{"start":{"line":14,"column":0},"end":{"line":14,"column":44}},"13":{"start":{"line":16,"column":0},"end":{"line":16,"column":24}}},"fnMap":{"0":{"name":"(anonymous_0)","decl":{"start":{"line":7,"column":16},"end":{"line":7,"column":17}},"loc":{"start":{"line":7,"column":36},"end":{"line":10,"column":1}},"line":7}},"branchMap":{},"s":{"0":1,"1":1,"2":1,"3":1,"4":1,"5":1,"6":1,"7":0,"8":0,"9":1,"10":1,"11":1,"12":1,"13":1},"f":{"0":0},"b":{},"_coverageSchema":"1a1c01bbd47fc00a2c39e90264f33305004495a9","hash":"63f524e6bedef29f75ec88938eb2b48cf64b82a1"}
,"E:\\Full stack Devolopement\\Ecomm App\\routes\\products.route.js": {"path":"E:\\Full stack Devolopement\\Ecomm App\\routes\\products.route.js","statementMap":{"0":{"start":{"line":1,"column":14},"end":{"line":1,"column":32}},"1":{"start":{"line":2,"column":20},"end":{"line":2,"column":36}},"2":{"start":{"line":3,"column":24},"end":{"line":3,"column":67}},"3":{"start":{"line":4,"column":14},"end":{"line":4,"column":49}},"4":{"start":{"line":6,"column":0},"end":{"line":6,"column":80}},"5":{"start":{"line":7,"column":0},"end":{"line":7,"column":67}},"6":{"start":{"line":8,"column":0},"end":{"line":8,"column":57}},"7":{"start":{"line":9,"column":0},"end":{"line":9,"column":73}},"8":{"start":{"line":10,"column":0},"end":{"line":10,"column":70}},"9":{"start":{"line":12,"column":0},"end":{"line":12,"column":31}}},"fnMap":{},"branchMap":{},"s":{"0":1,"1":1,"2":1,"3":1,"4":1,"5":1,"6":1,"7":1,"8":1,"9":1},"f":{},"b":{},"_coverageSchema":"1a1c01bbd47fc00a2c39e90264f33305004495a9","hash":"d55b58402ae916d4afd1011750610bec14acb94f"}
,"E:\\Full stack Devolopement\\Ecomm App\\test\\unit\\interceptor.js": {"path":"E:\\Full stack Devolopement\\Ecomm App\\test\\unit\\interceptor.js","statementMap":{"0":{"start":{"line":1,"column":0},"end":{"line":19,"column":2}},"1":{"start":{"line":3,"column":16},"end":{"line":3,"column":18}},"2":{"start":{"line":4,"column":4},"end":{"line":4,"column":46}},"3":{"start":{"line":5,"column":4},"end":{"line":5,"column":48}},"4":{"start":{"line":6,"column":4},"end":{"line":6,"column":47}},"5":{"start":{"line":7,"column":4},"end":{"line":7,"column":15}},"6":{"start":{"line":10,"column":16},"end":{"line":10,"column":18}},"7":{"start":{"line":11,"column":4},"end":{"line":11,"column":46}},"8":{"start":{"line":12,"column":4},"end":{"line":12,"column":46}},"9":{"start":{"line":13,"column":4},"end":{"line":13,"column":48}},"10":{"start":{"line":14,"column":4},"end":{"line":14,"column":47}},"11":{"start":{"line":15,"column":4},"end":{"line":15,"column":51}},"12":{"start":{"line":16,"column":4},"end":{"line":16,"column":24}},"13":{"start":{"line":17,"column":4},"end":{"line":17,"column":15}}},"fnMap":{"0":{"name":"(anonymous_0)","decl":{"start":{"line":2,"column":15},"end":{"line":2,"column":16}},"loc":{"start":{"line":2,"column":21},"end":{"line":8,"column":3}},"line":2},"1":{"name":"(anonymous_1)","decl":{"start":{"line":9,"column":16},"end":{"line":9,"column":17}},"loc":{"start":{"line":9,"column":22},"end":{"line":18,"column":3}},"line":9}},"branchMap":{},"s":{"0":2,"1":6,"2":6,"3":6,"4":6,"5":6,"6":6,"7":6,"8":6,"9":6,"10":6,"11":6,"12":6,"13":6},"f":{"0":6,"1":6},"b":{},"_coverageSchema":"1a1c01bbd47fc00a2c39e90264f33305004495a9","hash":"b3a4a4b380eddc5eda38a3d5f4ddef94c6d5ab0e"}
}
